STARTLOG: 2026/02/20 14:22:04
EXECNAME: xaxmaarfgen
RUNPATH:  /Users/colinbourque/astrophysics/xray-data/4U-1700-377/XRISM/201064010/analysis

xaxmaarfgen: INFO: Searching CALDB for quantum efficiency file
xaxmaarfgen: INFO: $CALDB=/Users/colinbourque/soft/caldb
xaxmaarfgen: INFO: $CALDBCONFIG=/Users/colinbourque/soft/caldb/software/tools/caldb.config
xaxmaarfgen: INFO: $CALDBALIAS=/Users/colinbourque/soft/caldb/software/tools/alias_config.fits
xaxmaarfgen: INFO: Querying CALDB with these parameters: 
xaxmaarfgen: INFO:    TELESCOPE:  XRISM
xaxmaarfgen: INFO:    INSTRUMENT: RESOLVE
xaxmaarfgen: INFO:    DETNAM:     -
xaxmaarfgen: INFO:    FILTER:     -
xaxmaarfgen: INFO:    CODENAME:   QE
xaxmaarfgen: INFO:    START DATE: 2025-02-10
xaxmaarfgen: INFO:    START TIME: 11:45:00
xaxmaarfgen: INFO:    STOP DATE:  -
xaxmaarfgen: INFO:    STOP TIME:  -
xaxmaarfgen: INFO:    EXPRESSION: -
xaxmaarfgen: INFO: CALDB quantum efficiency file: /Users/colinbourque/soft/caldb/data/xrism/resolve/bcf/quanteff/xa_rsl_quanteff_20190101v001.fits[1]
xaxmaarfgen: INFO: Searching CALDB for blocking filter file
xaxmaarfgen: INFO: $CALDB=/Users/colinbourque/soft/caldb
xaxmaarfgen: INFO: $CALDBCONFIG=/Users/colinbourque/soft/caldb/software/tools/caldb.config
xaxmaarfgen: INFO: $CALDBALIAS=/Users/colinbourque/soft/caldb/software/tools/alias_config.fits
xaxmaarfgen: INFO: Querying CALDB with these parameters: 
xaxmaarfgen: INFO:    TELESCOPE:  XRISM
xaxmaarfgen: INFO:    INSTRUMENT: RESOLVE
xaxmaarfgen: INFO:    DETNAM:     -
xaxmaarfgen: INFO:    FILTER:     -
xaxmaarfgen: INFO:    CODENAME:   TRANSBLOCKING
xaxmaarfgen: INFO:    START DATE: 2025-02-10
xaxmaarfgen: INFO:    START TIME: 11:45:00
xaxmaarfgen: INFO:    STOP DATE:  -
xaxmaarfgen: INFO:    STOP TIME:  -
xaxmaarfgen: INFO:    EXPRESSION: -
xaxmaarfgen: INFO: CALDB blocking filter file: /Users/colinbourque/soft/caldb/data/xrism/resolve/bcf/quanteff/xa_rsl_blckfilt_20190101v002.fits[1]
xaxmaarfgen: INFO: Searching CALDB for contamination file
xaxmaarfgen: INFO: $CALDB=/Users/colinbourque/soft/caldb
xaxmaarfgen: INFO: $CALDBCONFIG=/Users/colinbourque/soft/caldb/software/tools/caldb.config
xaxmaarfgen: INFO: $CALDBALIAS=/Users/colinbourque/soft/caldb/software/tools/alias_config.fits
xaxmaarfgen: INFO: Querying CALDB with these parameters: 
xaxmaarfgen: INFO:    TELESCOPE:  XRISM
xaxmaarfgen: INFO:    INSTRUMENT: RESOLVE
xaxmaarfgen: INFO:    DETNAM:     -
xaxmaarfgen: INFO:    FILTER:     -
xaxmaarfgen: INFO:    CODENAME:   COLUMN_DENSITY
xaxmaarfgen: INFO:    START DATE: 2025-02-10
xaxmaarfgen: INFO:    START TIME: 11:45:00
xaxmaarfgen: INFO:    STOP DATE:  -
xaxmaarfgen: INFO:    STOP TIME:  -
xaxmaarfgen: INFO:    EXPRESSION: -
xaxmaarfgen: INFO: CALDB contamination file: /Users/colinbourque/soft/caldb/data/xrism/resolve/bcf/quanteff/xa_rsl_contami_20190101v001.fits[1]
xaxmaarfgen: INFO: Searching CALDB for gatevalve file
xaxmaarfgen: INFO: $CALDB=/Users/colinbourque/soft/caldb
xaxmaarfgen: INFO: $CALDBCONFIG=/Users/colinbourque/soft/caldb/software/tools/caldb.config
xaxmaarfgen: INFO: $CALDBALIAS=/Users/colinbourque/soft/caldb/software/tools/alias_config.fits
xaxmaarfgen: INFO: Querying CALDB with these parameters: 
xaxmaarfgen: INFO:    TELESCOPE:  XRISM
xaxmaarfgen: INFO:    INSTRUMENT: RESOLVE
xaxmaarfgen: INFO:    DETNAM:     -
xaxmaarfgen: INFO:    FILTER:     -
xaxmaarfgen: INFO:    CODENAME:   GATEVALVTRANS
xaxmaarfgen: INFO:    START DATE: 2025-02-10
xaxmaarfgen: INFO:    START TIME: 11:45:00
xaxmaarfgen: INFO:    STOP DATE:  -
xaxmaarfgen: INFO:    STOP TIME:  -
xaxmaarfgen: INFO:    EXPRESSION: -
xaxmaarfgen: INFO: CALDB gatevalve file: /Users/colinbourque/soft/caldb/data/xrism/resolve/bcf/quanteff/xa_rsl_gatevalv_20190101v002.fits[1]
xaxmaarfgen: INFO: Searching CALDB for fine grid effective area file
xaxmaarfgen: INFO: $CALDB=/Users/colinbourque/soft/caldb
xaxmaarfgen: INFO: $CALDBCONFIG=/Users/colinbourque/soft/caldb/software/tools/caldb.config
xaxmaarfgen: INFO: $CALDBALIAS=/Users/colinbourque/soft/caldb/software/tools/alias_config.fits
xaxmaarfgen: INFO: Querying CALDB with these parameters: 
xaxmaarfgen: INFO:    TELESCOPE:  XRISM
xaxmaarfgen: INFO:    INSTRUMENT: RESOLVE
xaxmaarfgen: INFO:    DETNAM:     -
xaxmaarfgen: INFO:    FILTER:     -
xaxmaarfgen: INFO:    CODENAME:   EFFAREAFNE
xaxmaarfgen: INFO:    START DATE: 2025-02-10
xaxmaarfgen: INFO:    START TIME: 11:45:00
xaxmaarfgen: INFO:    STOP DATE:  -
xaxmaarfgen: INFO:    STOP TIME:  -
xaxmaarfgen: INFO:    EXPRESSION: -
xaxmaarfgen: INFO: CALDB fine grid effective area file: /Users/colinbourque/soft/caldb/data/xrism/resolve/bcf/mirror/xa_rsl_telarea_20190101v002.fits[1]
xaxmaarfgen: INFO: Buffering xa201064010rsl-binIII.rmf[MATRIX], size=3303, overlap=0
xaxmaarfgen: INFO: Buffering /Users/colinbourque/soft/caldb/data/xrism/resolve/bcf/mirror/xa_rsl_telarea_20190101v002.fits[EFFAREACRS], size=7020, overlap=0
xaxmaarfgen: INFO: Buffering /Users/colinbourque/soft/caldb/data/xrism/resolve/bcf/mirror/xa_rsl_telarea_20190101v002.fits[EFFAREAFNE], size=7020, overlap=0
xaxmaarfgen: INFO: Buffering xa201064010rsl-binIII.expo[OFFAXISHIST], size=1080, overlap=0
xaxmaarfgen: INFO: Buffering raytrace_xa201064010rsl-binIII.fits[INPUTPHOTONS], size=4011, overlap=0
xaxmaarfgen: INFO: Buffering raytrace_xa201064010rsl-binIII.fits[INPUTPHOTONS], size=4011, overlap=0
xaxmaarfgen: INFO: Buffering /Users/colinbourque/soft/caldb/data/xrism/resolve/bcf/quanteff/xa_rsl_quanteff_20190101v001.fits[QE], size=379, overlap=0
xaxmaarfgen: INFO: Buffering /Users/colinbourque/soft/caldb/data/xrism/resolve/bcf/quanteff/xa_rsl_blckfilt_20190101v002.fits[TRANSMISSION], size=7020, overlap=0
xaxmaarfgen: INFO: Buffering /Users/colinbourque/soft/caldb/data/xrism/resolve/bcf/quanteff/xa_rsl_gatevalv_20190101v002.fits[TRANSMISSION], size=14040, overlap=0
xaxmaarfgen: INFO: Buffering /Users/colinbourque/soft/caldb/data/xrism/resolve/bcf/quanteff/xa_rsl_contami_20190101v001.fits[COLUMN_DENSITY], size=3303, overlap=0
xaxmaarfgen: INFO: START PARAMETER LIST:
xaxmaarfgen: INFO: xaxmaarfgen 'telescop=XRISM' 'instrume=RESOLVE' 'emapfile=xa201064010rsl-binIII.expo' 'qefile=/Users/colinbourque/soft/caldb/data/xrism/resolve/bcf/quanteff/xa_rsl_quanteff_20190101v001.fits[1]' 'obffile=/Users/colinbourque/soft/caldb/data/xrism/resolve/bcf/quanteff/xa_rsl_blckfilt_20190101v002.fits[1]' 'fwfile=CALDB' 'contamifile=/Users/colinbourque/soft/caldb/data/xrism/resolve/bcf/quanteff/xa_rsl_contami_20190101v001.fits[1]' 'abund=1.0' 'cols=0.0' 'covfac=1.0' 'gatevalvefile=/Users/colinbourque/soft/caldb/data/xrism/resolve/bcf/quanteff/xa_rsl_gatevalv_20190101v002.fits[1]' 'rmffile=xa201064010rsl-binIII.rmf' 'onaxisffile=/Users/colinbourque/soft/caldb/data/xrism/resolve/bcf/mirror/xa_rsl_telarea_20190101v002.fits[1]' 'onaxiscfile=/Users/colinbourque/soft/caldb/data/xrism/resolve/bcf/mirror/xa_rsl_telarea_20190101v002.fits[2]' 'polydeg=DEFAULT' 'outfile=xa201064010rsl-binIII.arf' 'regionfile=@xaarfgen_region.lis' 'rslgapreg=no' 'doublesonly=no' 'xrtevtfile=raytrace_xa201064010rsl-binIII.fits' 'minphoton=100' 'auxtransfile=NONE' 'buffer=-1' 'clobber=YES' 'chatter=1' 'logfile=!DEFAULT' 'debug=NO' 'history=YES' 'mode=h'
xaxmaarfgen: INFO: END PARAMETER LIST

xaxmaarfgen: INFO: Buffering raytrace_xa201064010rsl-binIII.fits[PHOTONHISTORY], size=968, overlap=0
xaxmaarfgen: INFO: Buffering xa201064010rsl-binIII.expo[PARTIALEXP001], size=14040, overlap=0
xaxmaarfgen: Fraction of PSF in Detector Area = 0.837579
xaxmaarfgen: Fraction of PSF inside Region = 0.811277
xaxmaarfgen: INFO: Testing polynomials of order 1 to 10 to find best representation
xaxmaarfgen: INFO: of coarse effective area ratio.
xaxmaarfgen: INFO: ORDER   SUM OF SQUARES      MAX ABS DEV
xaxmaarfgen: INFO:     1  0.0970184156934821  0.0278865193344673
xaxmaarfgen: INFO:     2  0.0454921980162416  0.0247069184589694
xaxmaarfgen: INFO:     3  0.0491727454253222  0.023048155758065
xaxmaarfgen: INFO:     4  0.021791863999331  0.0175992993466826
xaxmaarfgen: INFO:     5  0.0183797616311387  0.0200881219643249
xaxmaarfgen: INFO:     6  0.0189888838771508  0.0198913026515261
xaxmaarfgen: INFO:     7  0.0204806302441057  0.0185520197206006
xaxmaarfgen: INFO:     8  0.0244511883285509  0.0154793493407327
xaxmaarfgen: INFO:     9  0.0133954355643639  0.0132526751725881
xaxmaarfgen: INFO:    10  0.00975609663954645  0.0159035111445042
xaxmaarfgen: INFO: Order selected by minimum sum of squares:        10
xaxmaarfgen: INFO: Order having minimum value of max abs deviation: 9
xaxmaarfgen: INFO: Using polynomial of order 10 to fit coarse effective area ratio
xaxmaarfgen: INFO: ENERGY      PHOTONS PER ENERGY
xaxmaarfgen: INFO:    0.3                   10547
xaxmaarfgen: INFO:    0.4                   34057
xaxmaarfgen: INFO:    0.5                   44881
xaxmaarfgen: INFO:      1                   60691
xaxmaarfgen: INFO:      2                   65274
xaxmaarfgen: INFO:      3                   42412
xaxmaarfgen: INFO:      4                   44758
xaxmaarfgen: INFO:      5                   45621
xaxmaarfgen: INFO:      6                   45189
xaxmaarfgen: INFO:      7                   43218
xaxmaarfgen: INFO:      8                   37758
xaxmaarfgen: INFO:      9                   32033
xaxmaarfgen: INFO:     10                   27094
xaxmaarfgen: INFO:     11                   21999
xaxmaarfgen: INFO:     12                   10784
xaxmaarfgen: INFO:     13                   10143
xaxmaarfgen: INFO:     14                    7181
xaxmaarfgen: INFO:     15                    6293
xaxmaarfgen: INFO:   15.9                    5577
xaxmaarfgen: INFO:   17.1                    4705
xaxmaarfgen: INFO:     18                    4215
xaxmaarfgen: INFO: Buffering xa201064010rsl-binIII.arf[SPECRESP], size=9360, overlap=0

ENDLOG:   1.78378 s
